<?xml version="1.0" encoding="UTF-8" ?>
<testsuites errors="2"
            failures="1"
            tests="1">

  <testsuite name="with-custom-assertions.todoList"
    errors="2" failures="1" hostname="" id="" package="with-custom-assertions" skipped="0"
    tests="1" time="11.26" timestamp="">
  
    <testcase name="should add a new todo element" classname="with-custom-assertions.todoList" time="11.26" assertions="2">

      <failure message="Testing if element &lt;#todo-list ul li&gt; has count: 5 in 5000ms - expected &#34;5&#34; but got: &#34;&#34; (5281ms)">    at DescribeInstance.&lt;anonymous&gt; (C:\Users\KARINA\React\NightwatchProjectQA\tests\specs\with-custom-assertions\todoList.js:21:15)</failure>

    
    <error message="no such window: target window already closed
from unknown error: web view not found
  (Session info: chrome=104.0.5112.81)" type="error"><![CDATA[
    NoSuchWindowError: no such window: target window already closed
from unknown error: web view not found
  (Session info: chrome=104.0.5112.81)
    at Object.throwDecodedError (C:\Users\KARINA\React\NightwatchProjectQA\node_modules\selenium-webdriver\lib\error.js:522:15)
    at parseHttpResponse (C:\Users\KARINA\React\NightwatchProjectQA\node_modules\selenium-webdriver\lib\http.js:589:13)
    at Executor.execute (C:\Users\KARINA\React\NightwatchProjectQA\node_modules\selenium-webdriver\lib\http.js:514:28)
    at processTicksAndRejections (node:internal/process/task_queues:96:5)
    at async Driver.execute (C:\Users\KARINA\React\NightwatchProjectQA\node_modules\selenium-webdriver\lib\webdriver.js:740:17)
    at async MethodMappings.executeScript (C:\Users\KARINA\React\NightwatchProjectQA\node_modules\nightwatch\lib\transport\selenium-webdriver\method-mappings.js:692:25)
    at async C:\Users\KARINA\React\NightwatchProjectQA\node_modules\nightwatch\lib\transport\selenium-webdriver\actions.js:67:18
    ]]></error>
    
    </testcase>
  

  
    <system-err>
       → NoSuchElementError

    An element could not be located on the page using the given search parameters.
    {&#34;error&#34;:{&#34;name&#34;:&#34;NoSuchWindowError&#34;,&#34;remoteStacktrace&#34;:&#34;&#34;},&#34;status&#34;:-1,&#34;value&#34;:null}

    Try fixing by :
1. Please inspect the html before the step
2. Verify if an element with the mentioned selector is present in the DOM tree

    Error location:
C:\Users\KARINA\React\NightwatchProjectQA\tests\specs\with-custom-assertions\todoList.js:
––––––––––––––––––––––––––––––––––––––––––––––––––––––––––––––––––––––––––––––––––––––––––
 18 |       .assert.elementHasCount(&#39;#todo-list ul li&#39;, 4) // use of custom-assertion
 19 |       .sendKeys(&#39;#new-todo-input&#39;, &#39;what is nightwatch?&#39;)
 20 |       .click(&#39;form button[type=&#34;submit&#34;]&#39;) 
 21 |       .assert.elementHasCount(&#39;#todo-list ul li&#39;, 5); // use of custom-assertion
 22 |   });
––––––––––––––––––––––––––––––––––––––––––––––––––––––––––––––––––––––––––––––––––––––––––

 → NoSuchWindowError

    no such window: target window already closed
from unknown error: web view not found
  (Session info: chrome=104.0.5112.81)
    </system-err>
  

    

  
  </testsuite>
</testsuites>
